[2023-01-04T19:56:37.529+0000] {taskinstance.py:1087} INFO - Dependencies all met for <TaskInstance: accidents_etl_pipeline.load_to_postgres manual__2023-01-04T19:56:29.653292+00:00 [queued]>
[2023-01-04T19:56:37.542+0000] {taskinstance.py:1087} INFO - Dependencies all met for <TaskInstance: accidents_etl_pipeline.load_to_postgres manual__2023-01-04T19:56:29.653292+00:00 [queued]>
[2023-01-04T19:56:37.543+0000] {taskinstance.py:1283} INFO - 
--------------------------------------------------------------------------------
[2023-01-04T19:56:37.543+0000] {taskinstance.py:1284} INFO - Starting attempt 1 of 2
[2023-01-04T19:56:37.546+0000] {taskinstance.py:1285} INFO - 
--------------------------------------------------------------------------------
[2023-01-04T19:56:37.561+0000] {taskinstance.py:1304} INFO - Executing <Task(PythonOperator): load_to_postgres> on 2023-01-04 19:56:29.653292+00:00
[2023-01-04T19:56:37.568+0000] {standard_task_runner.py:55} INFO - Started process 282 to run task
[2023-01-04T19:56:37.572+0000] {standard_task_runner.py:82} INFO - Running: ['***', 'tasks', 'run', 'accidents_etl_pipeline', 'load_to_postgres', 'manual__2023-01-04T19:56:29.653292+00:00', '--job-id', '84', '--raw', '--subdir', 'DAGS_FOLDER/accidents_etl.py', '--cfg-path', '/tmp/tmp3fcly7b7']
[2023-01-04T19:56:37.574+0000] {standard_task_runner.py:83} INFO - Job 84: Subtask load_to_postgres
[2023-01-04T19:56:37.640+0000] {task_command.py:389} INFO - Running <TaskInstance: accidents_etl_pipeline.load_to_postgres manual__2023-01-04T19:56:29.653292+00:00 [running]> on host 4de77850e514
[2023-01-04T19:56:37.724+0000] {taskinstance.py:1513} INFO - Exporting the following env vars:
AIRFLOW_CTX_DAG_OWNER=***
AIRFLOW_CTX_DAG_ID=accidents_etl_pipeline
AIRFLOW_CTX_TASK_ID=load_to_postgres
AIRFLOW_CTX_EXECUTION_DATE=2023-01-04T19:56:29.653292+00:00
AIRFLOW_CTX_TRY_NUMBER=1
AIRFLOW_CTX_DAG_RUN_ID=manual__2023-01-04T19:56:29.653292+00:00
[2023-01-04T19:56:38.691+0000] {logging_mixin.py:137} INFO - connected succesfully
[2023-01-04T19:56:38.713+0000] {logging_mixin.py:137} INFO - Accidents table already exists.
[2023-01-04T19:56:38.719+0000] {logging_mixin.py:137} INFO -  Look up table already exists.
[2023-01-04T19:56:38.721+0000] {python.py:177} INFO - Done. Returned value was: None
[2023-01-04T19:56:38.730+0000] {taskinstance.py:1327} INFO - Marking task as SUCCESS. dag_id=accidents_etl_pipeline, task_id=load_to_postgres, execution_date=20230104T195629, start_date=20230104T195637, end_date=20230104T195638
[2023-01-04T19:56:38.787+0000] {local_task_job.py:159} INFO - Task exited with return code 0
[2023-01-04T19:56:38.810+0000] {taskinstance.py:2582} INFO - 1 downstream tasks scheduled from follow-on schedule check
