[2023-01-04T16:30:20.535+0000] {taskinstance.py:1087} INFO - Dependencies all met for <TaskInstance: accidents_etl_pipeline.create_dashboard_task manual__2023-01-04T16:28:23.019739+00:00 [queued]>
[2023-01-04T16:30:20.546+0000] {taskinstance.py:1087} INFO - Dependencies all met for <TaskInstance: accidents_etl_pipeline.create_dashboard_task manual__2023-01-04T16:28:23.019739+00:00 [queued]>
[2023-01-04T16:30:20.546+0000] {taskinstance.py:1283} INFO - 
--------------------------------------------------------------------------------
[2023-01-04T16:30:20.547+0000] {taskinstance.py:1284} INFO - Starting attempt 1 of 2
[2023-01-04T16:30:20.551+0000] {taskinstance.py:1285} INFO - 
--------------------------------------------------------------------------------
[2023-01-04T16:30:20.570+0000] {taskinstance.py:1304} INFO - Executing <Task(PythonOperator): create_dashboard_task> on 2023-01-04 16:28:23.019739+00:00
[2023-01-04T16:30:20.575+0000] {standard_task_runner.py:55} INFO - Started process 654 to run task
[2023-01-04T16:30:20.578+0000] {standard_task_runner.py:82} INFO - Running: ['***', 'tasks', 'run', 'accidents_etl_pipeline', 'create_dashboard_task', 'manual__2023-01-04T16:28:23.019739+00:00', '--job-id', '58', '--raw', '--subdir', 'DAGS_FOLDER/accidents_etl.py', '--cfg-path', '/tmp/tmpvbhxxepo']
[2023-01-04T16:30:20.580+0000] {standard_task_runner.py:83} INFO - Job 58: Subtask create_dashboard_task
[2023-01-04T16:30:20.644+0000] {task_command.py:389} INFO - Running <TaskInstance: accidents_etl_pipeline.create_dashboard_task manual__2023-01-04T16:28:23.019739+00:00 [running]> on host 4de77850e514
[2023-01-04T16:30:20.733+0000] {taskinstance.py:1513} INFO - Exporting the following env vars:
AIRFLOW_CTX_DAG_OWNER=***
AIRFLOW_CTX_DAG_ID=accidents_etl_pipeline
AIRFLOW_CTX_TASK_ID=create_dashboard_task
AIRFLOW_CTX_EXECUTION_DATE=2023-01-04T16:28:23.019739+00:00
AIRFLOW_CTX_TRY_NUMBER=1
AIRFLOW_CTX_DAG_RUN_ID=manual__2023-01-04T16:28:23.019739+00:00
[2023-01-04T16:30:21.981+0000] {logging_mixin.py:137} WARNING - /home/***/.local/lib/python3.7/site-packages/***/operators/python.py:192 DtypeWarning: Columns (35) have mixed types.Specify dtype option on import or set low_memory=False.
[2023-01-04T16:30:23.099+0000] {logging_mixin.py:137} INFO - Dash is running on http://0.0.0.0:8050/
[2023-01-04T16:30:23.099+0000] {dash.py:1968} INFO - Dash is running on http://0.0.0.0:8050/

[2023-01-04T16:30:23.110+0000] {logging_mixin.py:137} INFO -  * Serving Flask app '***'
[2023-01-04T16:30:23.110+0000] {logging_mixin.py:137} INFO -  * Debug mode: on
[2023-01-04T16:32:32.031+0000] {local_task_job.py:224} WARNING - State of this instance has been externally set to restarting. Terminating instance.
[2023-01-04T16:32:32.037+0000] {process_utils.py:133} INFO - Sending Signals.SIGTERM to group 654. PIDs of all processes in the group: [656, 674, 675, 683, 685, 688, 693, 696, 700, 704, 708, 712, 716, 720, 724, 728, 733, 736, 740, 743, 748, 754, 757, 761, 765, 770, 774, 777, 781, 786, 789, 792, 797, 802, 806, 810, 936, 938, 654]
[2023-01-04T16:32:32.038+0000] {process_utils.py:84} INFO - Sending the signal Signals.SIGTERM to group 654
[2023-01-04T16:32:32.062+0000] {process_utils.py:79} INFO - Process psutil.Process(pid=704, status='terminated', started='16:30:25') (704) terminated with exit code None
[2023-01-04T16:32:32.064+0000] {process_utils.py:79} INFO - Process psutil.Process(pid=781, status='terminated', started='16:30:25') (781) terminated with exit code None
[2023-01-04T16:32:32.092+0000] {process_utils.py:79} INFO - Process psutil.Process(pid=712, status='terminated', started='16:30:25') (712) terminated with exit code None
[2023-01-04T16:32:32.092+0000] {process_utils.py:79} INFO - Process psutil.Process(pid=720, status='terminated', started='16:30:25') (720) terminated with exit code None
[2023-01-04T16:32:32.093+0000] {process_utils.py:79} INFO - Process psutil.Process(pid=733, status='terminated', started='16:30:25') (733) terminated with exit code None
[2023-01-04T16:32:32.093+0000] {process_utils.py:79} INFO - Process psutil.Process(pid=761, status='terminated', started='16:30:25') (761) terminated with exit code None
[2023-01-04T16:32:32.094+0000] {process_utils.py:79} INFO - Process psutil.Process(pid=792, status='terminated', started='16:30:25') (792) terminated with exit code None
[2023-01-04T16:32:32.094+0000] {process_utils.py:79} INFO - Process psutil.Process(pid=754, status='terminated', started='16:30:25') (754) terminated with exit code None
[2023-01-04T16:32:32.095+0000] {process_utils.py:79} INFO - Process psutil.Process(pid=777, status='terminated', started='16:30:25') (777) terminated with exit code None
[2023-01-04T16:32:32.095+0000] {process_utils.py:79} INFO - Process psutil.Process(pid=693, status='terminated', started='16:30:25') (693) terminated with exit code None
[2023-01-04T16:32:32.096+0000] {process_utils.py:79} INFO - Process psutil.Process(pid=806, status='terminated', started='16:30:25') (806) terminated with exit code None
[2023-01-04T16:32:32.096+0000] {process_utils.py:79} INFO - Process psutil.Process(pid=675, status='terminated', started='16:30:25') (675) terminated with exit code None
[2023-01-04T16:32:32.097+0000] {process_utils.py:79} INFO - Process psutil.Process(pid=724, status='terminated', started='16:30:25') (724) terminated with exit code None
[2023-01-04T16:32:32.097+0000] {process_utils.py:79} INFO - Process psutil.Process(pid=688, status='terminated', started='16:30:25') (688) terminated with exit code None
[2023-01-04T16:32:32.097+0000] {process_utils.py:79} INFO - Process psutil.Process(pid=654, status='terminated', exitcode=0, started='16:30:19') (654) terminated with exit code 0
[2023-01-04T16:32:32.098+0000] {process_utils.py:79} INFO - Process psutil.Process(pid=683, status='terminated', started='16:30:25') (683) terminated with exit code None
[2023-01-04T16:32:32.098+0000] {process_utils.py:79} INFO - Process psutil.Process(pid=740, status='terminated', started='16:30:25') (740) terminated with exit code None
[2023-01-04T16:32:32.099+0000] {process_utils.py:79} INFO - Process psutil.Process(pid=748, status='terminated', started='16:30:25') (748) terminated with exit code None
[2023-01-04T16:32:32.099+0000] {process_utils.py:79} INFO - Process psutil.Process(pid=743, status='terminated', started='16:30:25') (743) terminated with exit code None
[2023-01-04T16:32:32.099+0000] {process_utils.py:79} INFO - Process psutil.Process(pid=656, status='terminated', started='16:30:22') (656) terminated with exit code None
[2023-01-04T16:32:32.100+0000] {process_utils.py:79} INFO - Process psutil.Process(pid=774, status='terminated', started='16:30:25') (774) terminated with exit code None
[2023-01-04T16:32:32.100+0000] {process_utils.py:79} INFO - Process psutil.Process(pid=789, status='terminated', started='16:30:25') (789) terminated with exit code None
[2023-01-04T16:32:32.100+0000] {process_utils.py:79} INFO - Process psutil.Process(pid=674, status='terminated', started='16:30:25') (674) terminated with exit code None
[2023-01-04T16:32:32.101+0000] {process_utils.py:79} INFO - Process psutil.Process(pid=802, status='terminated', started='16:30:25') (802) terminated with exit code None
[2023-01-04T16:32:32.101+0000] {process_utils.py:79} INFO - Process psutil.Process(pid=797, status='terminated', started='16:30:25') (797) terminated with exit code None
[2023-01-04T16:32:32.101+0000] {process_utils.py:79} INFO - Process psutil.Process(pid=700, status='terminated', started='16:30:25') (700) terminated with exit code None
[2023-01-04T16:32:32.128+0000] {process_utils.py:79} INFO - Process psutil.Process(pid=728, status='terminated', started='16:30:25') (728) terminated with exit code None
[2023-01-04T16:32:32.129+0000] {process_utils.py:79} INFO - Process psutil.Process(pid=708, status='terminated', started='16:30:25') (708) terminated with exit code None
[2023-01-04T16:32:32.129+0000] {process_utils.py:79} INFO - Process psutil.Process(pid=736, status='terminated', started='16:30:25') (736) terminated with exit code None
[2023-01-04T16:32:32.130+0000] {process_utils.py:79} INFO - Process psutil.Process(pid=685, status='terminated', started='16:30:25') (685) terminated with exit code None
[2023-01-04T16:32:32.130+0000] {process_utils.py:79} INFO - Process psutil.Process(pid=716, status='terminated', started='16:30:25') (716) terminated with exit code None
[2023-01-04T16:32:32.130+0000] {process_utils.py:79} INFO - Process psutil.Process(pid=757, status='terminated', started='16:30:25') (757) terminated with exit code None
[2023-01-04T16:32:32.131+0000] {process_utils.py:79} INFO - Process psutil.Process(pid=770, status='terminated', started='16:30:25') (770) terminated with exit code None
[2023-01-04T16:32:32.131+0000] {process_utils.py:79} INFO - Process psutil.Process(pid=938, status='terminated', started='16:31:11') (938) terminated with exit code None
[2023-01-04T16:32:32.132+0000] {process_utils.py:79} INFO - Process psutil.Process(pid=765, status='terminated', started='16:30:25') (765) terminated with exit code None
[2023-01-04T16:32:32.132+0000] {process_utils.py:79} INFO - Process psutil.Process(pid=696, status='terminated', started='16:30:25') (696) terminated with exit code None
[2023-01-04T16:32:32.133+0000] {process_utils.py:79} INFO - Process psutil.Process(pid=786, status='terminated', started='16:30:25') (786) terminated with exit code None
[2023-01-04T16:32:33.453+0000] {process_utils.py:79} INFO - Process psutil.Process(pid=936, status='terminated', started='16:31:10') (936) terminated with exit code None
[2023-01-04T16:33:32.044+0000] {process_utils.py:147} WARNING - process psutil.Process(pid=810, name='airflow scheduler -- DagFileProcessorManager', status='sleeping', started='16:30:25') did not respond to SIGTERM. Trying SIGKILL
[2023-01-04T16:33:32.045+0000] {process_utils.py:84} INFO - Sending the signal Signals.SIGKILL to group 654
[2023-01-04T16:33:32.046+0000] {process_utils.py:99} INFO - Sending the signal Signals.SIGKILL to process 654 as process group is missing.
[2023-01-04T16:34:32.049+0000] {process_utils.py:158} ERROR - Process psutil.Process(pid=810, name='airflow scheduler -- DagFileProcessorManager', status='sleeping', started='16:30:25') (810) could not be killed. Giving up.
